// zouxiao.c  碧箫传情  

#include <xyj_x.h>

#include <ansi.h>
inherit SSERVER;

int perform(object me, object target)
{
        string msg;
        int damage,damage2, ap, dp,qixue,eff_qi,max_qi,qi_pcg;
        object weapon;

        weapon = me->query_temp("weapon");

        if( !target ) target = offensive_target(me);

        if( !target
        ||      !target->is_character()
        ||      target->is_corpse()
        ||      target==me)
                return notify_fail("你要对谁奏箫？\n");
        
        if( !me->is_fighting(target) )
                return notify_fail("大家都很忙，没人有时间听你吹吹打打。\n");

        if (!weapon || weapon->query("music/type") != "xiao")
                return notify_fail("你手里的家伙吹不出调子。\n");

        if (me->query_skill_mapped("force")!="zhenyuan-force")
                return notify_fail("只有用镇元神功才能运力吹箫。\n");

        if (me->query_skill("xiaofeng-sword",1)<50)
                return notify_fail("你的晓风残月剑还得再练练。\n");

        if (me->query_skill("zouxiao",1)<60)
                return notify_fail("你奏箫的功夫还不够，再好好练练吧。\n");

        if (target->query_skill("literate",1)<50)
                return notify_fail("对他吹箫？还不如对牛弹琴呢。\n");

        if((int)me->query("force") < 500 )
                return notify_fail("你的内力还不到火候。\n");

        if((int)me->query("kee") < 350 )
                return notify_fail("你的体力已经不够了！\n");

        if((int)me->query("sen") < 350 )
                return notify_fail("你无法集中精力！\n");

        msg = HIM "\n$N举起"+weapon->query("name")+HIM"，对着$n奏起了一曲，箫声凄凉，"
                  +"似是叹息，又似哭泣，\n跟着箫声颤抖，发出瑟瑟瑟断续之音，如是一滴滴小雨落上树叶。\n" NOR,

        me->add("sen", -150);
        me->add("kee", -150);
        me->add("force", -150);

    if(me->query("family/family_name") != "五庄观") {
        me->add("sen", -150);
        me->add("kee", -150);
        me->add("force", -(150+random(100)));
		}

         ap =(int)me->query_skill("xiaofeng-sword", 1)
                    +(int)me->query_skill("zouxiao", 1)
                    +(int)me->query_skill("literate", 1);
 //         damage=ap*ap/300;
            ap=ap/3;
            damage=ap*2;
            damage2=ap;
         ap = ap * ap * ap /10;
         ap = ap + (int)me->query("combat_exp")+(int)me->query("daoxing");
               ap=ap/3;
         dp =  (int)target->query_skill("parry")
              +(int)target->query_skill("literate")
              +(int)target->query_skill("spells");
         dp=dp/3;
         dp = dp * dp * dp /10;   
         dp = dp + (int)target->query("combat_exp")+(int)me->query("daoxing");
              dp=dp/3;
 

			  trace(sprintf("%s ap=%d dp=%d 70*ap=%d", getuid(me), ap, dp, ap*70), D_WIZ);

 //         if( random(100*ap/dp) <  20 ) 
             if( 30*ap/dp + random(70*ap/dp) <  20 )
             {
              msg += CYN "$n冲着你鄙意的冷笑道：就这点本事，也来贻笑大方？"
                         +"$N顿时羞愧难当。\n"NOR;
              message_vision(msg, me, target);
                me->start_busy(1+random(3));
             } 
          else if( 50*ap/dp + random(50*ap/dp) <  30 ) 
             {
              msg += YEL "可$n冲耳不闻，不为所动。\n"NOR;
              message_vision(msg, me, target);
              me->start_busy(1);
             } 
             else if( 70*ap/dp + random(30*ap/dp)<  60 ) 
//             else if( 70*ap/dp + random(30*ap/dp)<  -500 ) 
             { 
	              target->receive_damage("sen",damage2,me);
             msg += HIC "$n仍很镇定，但似乎萧声已稍稍将其打动。\n"NOR;
              message_vision(msg, me, target);
               target->start_busy(3+random(3));
              me->start_busy(random(3));
             } 
 
          else 
             {
              target->receive_damage("sen",damage,me);
              msg += HIG "$n听了箫声，心中莫名其妙的感到一阵酸楚，悲从中来，泪水正涔涔落下。\n"NOR;
              message_vision(msg, me, target);
              COMBAT_D->report_status(target); 
               target->start_busy(3+random(5));
             me->start_busy(random(3));
             }
 
           target->kill_ob(me);
 
           return 1;
 }
 
